[0.009s] Invoking command in '/home/sanki0/Documents/personal/robotica/proyecto1/src/build/mi_paquete_cpp': CMAKE_PREFIX_PATH=/opt/ros/humble /home/sanki0/.local/bin/cmake /home/sanki0/Documents/personal/robotica/proyecto1/src/mi_paquete_cpp -DCMAKE_INSTALL_PREFIX=/home/sanki0/Documents/personal/robotica/proyecto1/src/install/mi_paquete_cpp
[0.146s] -- The C compiler identification is GNU 11.4.0
[0.222s] -- The CXX compiler identification is GNU 11.4.0
[0.237s] -- Detecting C compiler ABI info
[0.285s] -- Detecting C compiler ABI info - done
[0.292s] -- Check for working C compiler: /usr/bin/cc - skipped
[0.293s] -- Detecting C compile features
[0.294s] -- Detecting C compile features - done
[0.297s] -- Detecting CXX compiler ABI info
[0.347s] -- Detecting CXX compiler ABI info - done
[0.356s] -- Check for working CXX compiler: /usr/bin/c++ - skipped
[0.356s] -- Detecting CXX compile features
[0.356s] -- Detecting CXX compile features - done
[0.358s] -- Found ament_cmake: 1.3.5 (/opt/ros/humble/share/ament_cmake/cmake)
[0.589s] -- Found Python3: /usr/bin/python3.10 (found version "3.10.12") found components: Interpreter 
[0.643s] -- Found rclcpp: 16.0.5 (/opt/ros/humble/share/rclcpp/cmake)
[0.675s] -- Found rosidl_generator_c: 3.1.5 (/opt/ros/humble/share/rosidl_generator_c/cmake)
[0.678s] -- Found rosidl_adapter: 3.1.5 (/opt/ros/humble/share/rosidl_adapter/cmake)
[0.684s] -- Found rosidl_generator_cpp: 3.1.5 (/opt/ros/humble/share/rosidl_generator_cpp/cmake)
[0.693s] -- Using all available rosidl_typesupport_c: rosidl_typesupport_fastrtps_c;rosidl_typesupport_introspection_c
[0.707s] -- Using all available rosidl_typesupport_cpp: rosidl_typesupport_fastrtps_cpp;rosidl_typesupport_introspection_cpp
[0.754s] -- Found rmw_implementation_cmake: 6.1.1 (/opt/ros/humble/share/rmw_implementation_cmake/cmake)
[0.755s] -- Found rmw_fastrtps_cpp: 6.2.3 (/opt/ros/humble/share/rmw_fastrtps_cpp/cmake)
[0.821s] -- Found OpenSSL: /usr/lib/x86_64-linux-gnu/libcrypto.so (found version "3.0.2")  
[0.839s] -- Found FastRTPS: /opt/ros/humble/include  
[0.870s] -- Using RMW implementation 'rmw_fastrtps_cpp' as default
[0.877s] -- Performing Test CMAKE_HAVE_LIBC_PTHREAD
[0.943s] -- Performing Test CMAKE_HAVE_LIBC_PTHREAD - Success
[0.943s] -- Found Threads: TRUE  
[1.057s] -- Found ament_lint_auto: 0.12.7 (/opt/ros/humble/share/ament_lint_auto/cmake)
[1.103s] -- Added test 'lint_cmake' to check CMake code style
[1.104s] -- Added test 'xmllint' to check XML markup files
[1.105s] -- Configuring done (1.1s)
[1.108s] -- Generating done (0.0s)
[1.109s] -- Build files have been written to: /home/sanki0/Documents/personal/robotica/proyecto1/src/build/mi_paquete_cpp
[1.119s] Invoked command in '/home/sanki0/Documents/personal/robotica/proyecto1/src/build/mi_paquete_cpp' returned '0': CMAKE_PREFIX_PATH=/opt/ros/humble /home/sanki0/.local/bin/cmake /home/sanki0/Documents/personal/robotica/proyecto1/src/mi_paquete_cpp -DCMAKE_INSTALL_PREFIX=/home/sanki0/Documents/personal/robotica/proyecto1/src/install/mi_paquete_cpp
[1.119s] Invoking command in '/home/sanki0/Documents/personal/robotica/proyecto1/src/build/mi_paquete_cpp': CMAKE_PREFIX_PATH=/opt/ros/humble /home/sanki0/.local/bin/cmake --build /home/sanki0/Documents/personal/robotica/proyecto1/src/build/mi_paquete_cpp -- -j8 -l8
[1.151s] Invoked command in '/home/sanki0/Documents/personal/robotica/proyecto1/src/build/mi_paquete_cpp' returned '0': CMAKE_PREFIX_PATH=/opt/ros/humble /home/sanki0/.local/bin/cmake --build /home/sanki0/Documents/personal/robotica/proyecto1/src/build/mi_paquete_cpp -- -j8 -l8
[1.203s] Invoking command in '/home/sanki0/Documents/personal/robotica/proyecto1/src/build/mi_paquete_cpp': CMAKE_PREFIX_PATH=/opt/ros/humble /home/sanki0/.local/bin/cmake --install /home/sanki0/Documents/personal/robotica/proyecto1/src/build/mi_paquete_cpp
[1.221s] -- Install configuration: ""
[1.221s] -- Installing: /home/sanki0/Documents/personal/robotica/proyecto1/src/install/mi_paquete_cpp/share/ament_index/resource_index/package_run_dependencies/mi_paquete_cpp
[1.221s] -- Installing: /home/sanki0/Documents/personal/robotica/proyecto1/src/install/mi_paquete_cpp/share/ament_index/resource_index/parent_prefix_path/mi_paquete_cpp
[1.221s] -- Installing: /home/sanki0/Documents/personal/robotica/proyecto1/src/install/mi_paquete_cpp/share/mi_paquete_cpp/environment/ament_prefix_path.sh
[1.221s] -- Installing: /home/sanki0/Documents/personal/robotica/proyecto1/src/install/mi_paquete_cpp/share/mi_paquete_cpp/environment/ament_prefix_path.dsv
[1.221s] -- Installing: /home/sanki0/Documents/personal/robotica/proyecto1/src/install/mi_paquete_cpp/share/mi_paquete_cpp/environment/path.sh
[1.221s] -- Installing: /home/sanki0/Documents/personal/robotica/proyecto1/src/install/mi_paquete_cpp/share/mi_paquete_cpp/environment/path.dsv
[1.221s] -- Installing: /home/sanki0/Documents/personal/robotica/proyecto1/src/install/mi_paquete_cpp/share/mi_paquete_cpp/local_setup.bash
[1.221s] -- Installing: /home/sanki0/Documents/personal/robotica/proyecto1/src/install/mi_paquete_cpp/share/mi_paquete_cpp/local_setup.sh
[1.222s] -- Installing: /home/sanki0/Documents/personal/robotica/proyecto1/src/install/mi_paquete_cpp/share/mi_paquete_cpp/local_setup.zsh
[1.222s] -- Installing: /home/sanki0/Documents/personal/robotica/proyecto1/src/install/mi_paquete_cpp/share/mi_paquete_cpp/local_setup.dsv
[1.222s] -- Installing: /home/sanki0/Documents/personal/robotica/proyecto1/src/install/mi_paquete_cpp/share/mi_paquete_cpp/package.dsv
[1.222s] -- Installing: /home/sanki0/Documents/personal/robotica/proyecto1/src/install/mi_paquete_cpp/share/ament_index/resource_index/packages/mi_paquete_cpp
[1.222s] -- Installing: /home/sanki0/Documents/personal/robotica/proyecto1/src/install/mi_paquete_cpp/share/mi_paquete_cpp/cmake/mi_paquete_cppConfig.cmake
[1.222s] -- Installing: /home/sanki0/Documents/personal/robotica/proyecto1/src/install/mi_paquete_cpp/share/mi_paquete_cpp/cmake/mi_paquete_cppConfig-version.cmake
[1.222s] -- Installing: /home/sanki0/Documents/personal/robotica/proyecto1/src/install/mi_paquete_cpp/share/mi_paquete_cpp/package.xml
[1.227s] Invoked command in '/home/sanki0/Documents/personal/robotica/proyecto1/src/build/mi_paquete_cpp' returned '0': CMAKE_PREFIX_PATH=/opt/ros/humble /home/sanki0/.local/bin/cmake --install /home/sanki0/Documents/personal/robotica/proyecto1/src/build/mi_paquete_cpp
