running egg_info
writing ../build/mi_paquete_py/mi_paquete_py.egg-info/PKG-INFO
writing dependency_links to ../build/mi_paquete_py/mi_paquete_py.egg-info/dependency_links.txt
writing entry points to ../build/mi_paquete_py/mi_paquete_py.egg-info/entry_points.txt
writing requirements to ../build/mi_paquete_py/mi_paquete_py.egg-info/requires.txt
writing top-level names to ../build/mi_paquete_py/mi_paquete_py.egg-info/top_level.txt
reading manifest file '../build/mi_paquete_py/mi_paquete_py.egg-info/SOURCES.txt'
writing manifest file '../build/mi_paquete_py/mi_paquete_py.egg-info/SOURCES.txt'
running build
running build_py
running install
/usr/lib/python3/dist-packages/setuptools/command/install.py:34: SetuptoolsDeprecationWarning: setup.py install is deprecated. Use build and pip and other standards-based tools.
  warnings.warn(
running install_lib
running install_data
running install_egg_info
removing '/home/sanki0/Documents/personal/robotica/proyecto1/src/install/mi_paquete_py/lib/python3.10/site-packages/mi_paquete_py-0.0.0-py3.10.egg-info' (and everything under it)
Copying ../build/mi_paquete_py/mi_paquete_py.egg-info to /home/sanki0/Documents/personal/robotica/proyecto1/src/install/mi_paquete_py/lib/python3.10/site-packages/mi_paquete_py-0.0.0-py3.10.egg-info
running install_scripts
writing list of installed files to '/home/sanki0/Documents/personal/robotica/proyecto1/src/build/mi_paquete_py/install.log'
