running egg_info
creating ../build/mi_paquete_py/mi_paquete_py.egg-info
writing ../build/mi_paquete_py/mi_paquete_py.egg-info/PKG-INFO
writing dependency_links to ../build/mi_paquete_py/mi_paquete_py.egg-info/dependency_links.txt
writing entry points to ../build/mi_paquete_py/mi_paquete_py.egg-info/entry_points.txt
writing requirements to ../build/mi_paquete_py/mi_paquete_py.egg-info/requires.txt
writing top-level names to ../build/mi_paquete_py/mi_paquete_py.egg-info/top_level.txt
writing manifest file '../build/mi_paquete_py/mi_paquete_py.egg-info/SOURCES.txt'
reading manifest file '../build/mi_paquete_py/mi_paquete_py.egg-info/SOURCES.txt'
writing manifest file '../build/mi_paquete_py/mi_paquete_py.egg-info/SOURCES.txt'
running build
running build_py
creating /home/sanki0/Documents/personal/robotica/proyecto1/src/build/mi_paquete_py/build
creating /home/sanki0/Documents/personal/robotica/proyecto1/src/build/mi_paquete_py/build/lib
creating /home/sanki0/Documents/personal/robotica/proyecto1/src/build/mi_paquete_py/build/lib/mi_paquete_py
copying mi_paquete_py/__init__.py -> /home/sanki0/Documents/personal/robotica/proyecto1/src/build/mi_paquete_py/build/lib/mi_paquete_py
running install
running install_lib
creating /home/sanki0/Documents/personal/robotica/proyecto1/src/install/mi_paquete_py/lib/python3.10/site-packages/mi_paquete_py
copying /home/sanki0/Documents/personal/robotica/proyecto1/src/build/mi_paquete_py/build/lib/mi_paquete_py/__init__.py -> /home/sanki0/Documents/personal/robotica/proyecto1/src/install/mi_paquete_py/lib/python3.10/site-packages/mi_paquete_py
byte-compiling /home/sanki0/Documents/personal/robotica/proyecto1/src/install/mi_paquete_py/lib/python3.10/site-packages/mi_paquete_py/__init__.py to __init__.cpython-310.pyc
running install_data
creating /home/sanki0/Documents/personal/robotica/proyecto1/src/install/mi_paquete_py/share/ament_index
creating /home/sanki0/Documents/personal/robotica/proyecto1/src/install/mi_paquete_py/share/ament_index/resource_index
creating /home/sanki0/Documents/personal/robotica/proyecto1/src/install/mi_paquete_py/share/ament_index/resource_index/packages
copying resource/mi_paquete_py -> /home/sanki0/Documents/personal/robotica/proyecto1/src/install/mi_paquete_py/share/ament_index/resource_index/packages
copying package.xml -> /home/sanki0/Documents/personal/robotica/proyecto1/src/install/mi_paquete_py/share/mi_paquete_py
running install_egg_info
Copying ../build/mi_paquete_py/mi_paquete_py.egg-info to /home/sanki0/Documents/personal/robotica/proyecto1/src/install/mi_paquete_py/lib/python3.10/site-packages/mi_paquete_py-0.0.0-py3.10.egg-info
running install_scripts
writing list of installed files to '/home/sanki0/Documents/personal/robotica/proyecto1/src/build/mi_paquete_py/install.log'
