[0.436s] Invoking command in '/home/sanki0/Documents/personal/robotica/proyecto1/src/mi_paquete_py': PYTHONPATH=/home/sanki0/Documents/personal/robotica/proyecto1/src/build/mi_paquete_py/prefix_override:/home/sanki0/Documents/personal/robotica/proyecto1/src/install/mi_paquete_py/lib/python3.10/site-packages:${PYTHONPATH} /usr/bin/python3 setup.py egg_info --egg-base ../build/mi_paquete_py build --build-base /home/sanki0/Documents/personal/robotica/proyecto1/src/build/mi_paquete_py/build install --record /home/sanki0/Documents/personal/robotica/proyecto1/src/build/mi_paquete_py/install.log --single-version-externally-managed
[0.586s] running egg_info
[0.586s] creating ../build/mi_paquete_py/mi_paquete_py.egg-info
[0.586s] writing ../build/mi_paquete_py/mi_paquete_py.egg-info/PKG-INFO
[0.586s] writing dependency_links to ../build/mi_paquete_py/mi_paquete_py.egg-info/dependency_links.txt
[0.587s] writing entry points to ../build/mi_paquete_py/mi_paquete_py.egg-info/entry_points.txt
[0.587s] writing requirements to ../build/mi_paquete_py/mi_paquete_py.egg-info/requires.txt
[0.587s] writing top-level names to ../build/mi_paquete_py/mi_paquete_py.egg-info/top_level.txt
[0.587s] writing manifest file '../build/mi_paquete_py/mi_paquete_py.egg-info/SOURCES.txt'
[0.588s] reading manifest file '../build/mi_paquete_py/mi_paquete_py.egg-info/SOURCES.txt'
[0.588s] writing manifest file '../build/mi_paquete_py/mi_paquete_py.egg-info/SOURCES.txt'
[0.588s] running build
[0.588s] running build_py
[0.588s] creating /home/sanki0/Documents/personal/robotica/proyecto1/src/build/mi_paquete_py/build
[0.588s] creating /home/sanki0/Documents/personal/robotica/proyecto1/src/build/mi_paquete_py/build/lib
[0.588s] creating /home/sanki0/Documents/personal/robotica/proyecto1/src/build/mi_paquete_py/build/lib/mi_paquete_py
[0.588s] copying mi_paquete_py/__init__.py -> /home/sanki0/Documents/personal/robotica/proyecto1/src/build/mi_paquete_py/build/lib/mi_paquete_py
[0.589s] running install
[0.589s] /usr/lib/python3/dist-packages/setuptools/command/install.py:34: SetuptoolsDeprecationWarning: setup.py install is deprecated. Use build and pip and other standards-based tools.
[0.589s]   warnings.warn(
[0.589s] running install_lib
[0.590s] creating /home/sanki0/Documents/personal/robotica/proyecto1/src/install/mi_paquete_py/lib/python3.10/site-packages/mi_paquete_py
[0.590s] copying /home/sanki0/Documents/personal/robotica/proyecto1/src/build/mi_paquete_py/build/lib/mi_paquete_py/__init__.py -> /home/sanki0/Documents/personal/robotica/proyecto1/src/install/mi_paquete_py/lib/python3.10/site-packages/mi_paquete_py
[0.590s] byte-compiling /home/sanki0/Documents/personal/robotica/proyecto1/src/install/mi_paquete_py/lib/python3.10/site-packages/mi_paquete_py/__init__.py to __init__.cpython-310.pyc
[0.590s] running install_data
[0.591s] creating /home/sanki0/Documents/personal/robotica/proyecto1/src/install/mi_paquete_py/share/ament_index
[0.591s] creating /home/sanki0/Documents/personal/robotica/proyecto1/src/install/mi_paquete_py/share/ament_index/resource_index
[0.591s] creating /home/sanki0/Documents/personal/robotica/proyecto1/src/install/mi_paquete_py/share/ament_index/resource_index/packages
[0.591s] copying resource/mi_paquete_py -> /home/sanki0/Documents/personal/robotica/proyecto1/src/install/mi_paquete_py/share/ament_index/resource_index/packages
[0.591s] copying package.xml -> /home/sanki0/Documents/personal/robotica/proyecto1/src/install/mi_paquete_py/share/mi_paquete_py
[0.591s] running install_egg_info
[0.592s] Copying ../build/mi_paquete_py/mi_paquete_py.egg-info to /home/sanki0/Documents/personal/robotica/proyecto1/src/install/mi_paquete_py/lib/python3.10/site-packages/mi_paquete_py-0.0.0-py3.10.egg-info
[0.593s] running install_scripts
[0.606s] writing list of installed files to '/home/sanki0/Documents/personal/robotica/proyecto1/src/build/mi_paquete_py/install.log'
[0.622s] Invoked command in '/home/sanki0/Documents/personal/robotica/proyecto1/src/mi_paquete_py' returned '0': PYTHONPATH=/home/sanki0/Documents/personal/robotica/proyecto1/src/build/mi_paquete_py/prefix_override:/home/sanki0/Documents/personal/robotica/proyecto1/src/install/mi_paquete_py/lib/python3.10/site-packages:${PYTHONPATH} /usr/bin/python3 setup.py egg_info --egg-base ../build/mi_paquete_py build --build-base /home/sanki0/Documents/personal/robotica/proyecto1/src/build/mi_paquete_py/build install --record /home/sanki0/Documents/personal/robotica/proyecto1/src/build/mi_paquete_py/install.log --single-version-externally-managed
